# JRE version: OpenJDK Runtime Environment Microsoft-7208460 (11.0.18+10) (build 11.0.18+10-LTS)
# Java VM: OpenJDK 64-Bit Server VM Microsoft-7208460 (11.0.18+10-LTS, mixed mode, tiered, compressed oops, g1 gc, windows-amd64)
Heap:
 garbage-first heap   total 522240K, used 413109K [0x0000000080000000, 0x0000000100000000)
  region size 1024K, 77 young (78848K), 3 survivors (3072K)
 Metaspace       used 140492K, capacity 146863K, committed 147208K, reserved 643072K
  class space    used 18058K, capacity 20354K, committed 20480K, reserved 516096K
GC Heap History (20 events):
Event: 259.676 GC heap before
{Heap before GC invocations=26 (full 0):
 garbage-first heap   total 522240K, used 417764K [0x0000000080000000, 0x0000000100000000)
  region size 1024K, 128 young (131072K), 8 survivors (8192K)
 Metaspace       used 133352K, capacity 139424K, committed 139656K, reserved 636928K
  class space    used 17249K, capacity 19491K, committed 19584K, reserved 516096K
}
Event: 259.715 GC heap after
{Heap after GC invocations=27 (full 0):
 garbage-first heap   total 522240K, used 291191K [0x0000000080000000, 0x0000000100000000)
  region size 1024K, 16 young (16384K), 16 survivors (16384K)
 Metaspace       used 133352K, capacity 139424K, committed 139656K, reserved 636928K
  class space    used 17249K, capacity 19491K, committed 19584K, reserved 516096K
}
Event: 260.556 GC heap before
{Heap before GC invocations=27 (full 0):
 garbage-first heap   total 522240K, used 343415K [0x0000000080000000, 0x0000000100000000)
  region size 1024K, 69 young (70656K), 16 survivors (16384K)
 Metaspace       used 133490K, capacity 139542K, committed 139656K, reserved 636928K
  class space    used 17268K, capacity 19517K, committed 19584K, reserved 516096K
}
Event: 260.588 GC heap after
{Heap after GC invocations=28 (full 0):
 garbage-first heap   total 522240K, used 295985K [0x0000000080000000, 0x0000000100000000)
  region size 1024K, 8 young (8192K), 8 survivors (8192K)
 Metaspace       used 133490K, capacity 139542K, committed 139656K, reserved 636928K
  class space    used 17268K, capacity 19517K, committed 19584K, reserved 516096K
}
Event: 263.476 GC heap before
{Heap before GC invocations=29 (full 0):
 garbage-first heap   total 522240K, used 416817K [0x0000000080000000, 0x0000000100000000)
  region size 1024K, 123 young (125952K), 8 survivors (8192K)
 Metaspace       used 134281K, capacity 140268K, committed 140552K, reserved 638976K
  class space    used 17364K, capacity 19626K, committed 19712K, reserved 516096K
}
Event: 263.513 GC heap after
{Heap after GC invocations=30 (full 0):
 garbage-first heap   total 522240K, used 302373K [0x0000000080000000, 0x0000000100000000)
  region size 1024K, 14 young (14336K), 14 survivors (14336K)
 Metaspace       used 134281K, capacity 140268K, committed 140552K, reserved 638976K
  class space    used 17364K, capacity 19626K, committed 19712K, reserved 516096K
}
Event: 266.921 GC heap before
{Heap before GC invocations=30 (full 0):
 garbage-first heap   total 522240K, used 391461K [0x0000000080000000, 0x0000000100000000)
  region size 1024K, 103 young (105472K), 14 survivors (14336K)
 Metaspace       used 136440K, capacity 142597K, committed 142856K, reserved 641024K
  class space    used 17656K, capacity 19954K, committed 19968K, reserved 516096K
}
Event: 266.974 GC heap after
{Heap after GC invocations=31 (full 0):
 garbage-first heap   total 522240K, used 313759K [0x0000000080000000, 0x0000000100000000)
  region size 1024K, 13 young (13312K), 13 survivors (13312K)
 Metaspace       used 136440K, capacity 142597K, committed 142856K, reserved 641024K
  class space    used 17656K, capacity 19954K, committed 19968K, reserved 516096K
}
Event: 269.044 GC heap before
{Heap before GC invocations=31 (full 0):
 garbage-first heap   total 522240K, used 435615K [0x0000000080000000, 0x0000000100000000)
  region size 1024K, 121 young (123904K), 13 survivors (13312K)
 Metaspace       used 136513K, capacity 142632K, committed 142856K, reserved 641024K
  class space    used 17662K, capacity 19961K, committed 19968K, reserved 516096K
}
Event: 269.098 GC heap after
{Heap after GC invocations=32 (full 0):
 garbage-first heap   total 522240K, used 322078K [0x0000000080000000, 0x0000000100000000)
  region size 1024K, 10 young (10240K), 10 survivors (10240K)
 Metaspace       used 136513K, capacity 142632K, committed 142856K, reserved 641024K
  class space    used 17662K, capacity 19961K, committed 19968K, reserved 516096K
}
Event: 269.578 GC heap before
{Heap before GC invocations=33 (full 0):
 garbage-first heap   total 522240K, used 348702K [0x0000000080000000, 0x0000000100000000)
  region size 1024K, 38 young (38912K), 10 survivors (10240K)
 Metaspace       used 136554K, capacity 142787K, committed 142984K, reserved 641024K
  class space    used 17668K, capacity 19969K, committed 20096K, reserved 516096K
}
Event: 269.612 GC heap after
{Heap after GC invocations=34 (full 0):
 garbage-first heap   total 522240K, used 323825K [0x0000000080000000, 0x0000000100000000)
  region size 1024K, 3 young (3072K), 3 survivors (3072K)
 Metaspace       used 136554K, capacity 142787K, committed 142984K, reserved 641024K
  class space    used 17668K, capacity 19969K, committed 20096K, reserved 516096K
}
Event: 271.347 GC heap before
{Heap before GC invocations=34 (full 0):
 garbage-first heap   total 522240K, used 444657K [0x0000000080000000, 0x0000000100000000)
  region size 1024K, 114 young (116736K), 3 survivors (3072K)
 Metaspace       used 136567K, capacity 142791K, committed 142984K, reserved 641024K
  class space    used 17670K, capacity 19970K, committed 20096K, reserved 516096K
}
Event: 271.374 GC heap after
{Heap after GC invocations=35 (full 0):
 garbage-first heap   total 522240K, used 330515K [0x0000000080000000, 0x0000000100000000)
  region size 1024K, 9 young (9216K), 9 survivors (9216K)
 Metaspace       used 136567K, capacity 142791K, committed 142984K, reserved 641024K
  class space    used 17670K, capacity 19970K, committed 20096K, reserved 516096K
}
Event: 272.736 GC heap before
{Heap before GC invocations=36 (full 0):
 garbage-first heap   total 522240K, used 435987K [0x0000000080000000, 0x0000000100000000)
  region size 1024K, 114 young (116736K), 9 survivors (9216K)
 Metaspace       used 137397K, capacity 143611K, committed 143752K, reserved 641024K
  class space    used 17710K, capacity 20005K, committed 20096K, reserved 516096K
}
Event: 272.773 GC heap after
{Heap after GC invocations=37 (full 0):
 garbage-first heap   total 522240K, used 335921K [0x0000000080000000, 0x0000000100000000)
  region size 1024K, 13 young (13312K), 13 survivors (13312K)
 Metaspace       used 137397K, capacity 143611K, committed 143752K, reserved 641024K
  class space    used 17710K, capacity 20005K, committed 20096K, reserved 516096K
}
Event: 283.160 GC heap before
{Heap before GC invocations=38 (full 0):
 garbage-first heap   total 522240K, used 450609K [0x0000000080000000, 0x0000000100000000)
  region size 1024K, 118 young (120832K), 13 survivors (13312K)
 Metaspace       used 138242K, capacity 144459K, committed 144520K, reserved 641024K
  class space    used 17821K, capacity 20092K, committed 20096K, reserved 516096K
}
Event: 283.197 GC heap after
{Heap after GC invocations=39 (full 0):
 garbage-first heap   total 522240K, used 339810K [0x0000000080000000, 0x0000000100000000)
  region size 1024K, 11 young (11264K), 11 survivors (11264K)
 Metaspace       used 138242K, capacity 144459K, committed 144520K, reserved 641024K
  class space    used 17821K, capacity 20092K, committed 20096K, reserved 516096K
}
Event: 284.930 GC heap before
{Heap before GC invocations=39 (full 0):
 garbage-first heap   total 522240K, used 353122K [0x0000000080000000, 0x0000000100000000)
  region size 1024K, 25 young (25600K), 11 survivors (11264K)
 Metaspace       used 139217K, capacity 145439K, committed 145672K, reserved 643072K
  class space    used 17928K, capacity 20206K, committed 20224K, reserved 516096K
}
Event: 284.953 GC heap after
{Heap after GC invocations=40 (full 0):
 garbage-first heap   total 522240K, used 338357K [0x0000000080000000, 0x0000000100000000)
  region size 1024K, 3 young (3072K), 3 survivors (3072K)
 Metaspace       used 139217K, capacity 145439K, committed 145672K, reserved 643072K
  class space    used 17928K, capacity 20206K, committed 20224K, reserved 516096K
}

